
> @ubm-hyogo/web@0.1.0 test /Users/dm/dev/dev/個人開発/UBM-Hyogo/.worktrees/task-20260519-074613-wt-20/apps/web
> vitest run --passWithNoTests --root=../.. --config=vitest.config.ts apps/web -- 'app/(admin)/layout.spec.tsx'

[33mThe CJS build of Vite's Node API is deprecated. See https://vite.dev/guide/troubleshooting.html#vite-cjs-node-api-deprecated for more details.[39m

 RUN  v2.1.9 /Users/dm/dev/dev/個人開発/UBM-Hyogo/.worktrees/task-20260519-074613-wt-20

 ✓ apps/web/src/lib/admin/__tests__/api.spec.ts (19 tests) 12ms
stdout | apps/web/src/lib/fetch/public.spec.ts > fetchPublic > service-binding 経路: env.API_SERVICE.fetch を使う
{ transport: 'service-binding', path: '/health', status: 200 }

stdout | apps/web/src/lib/fetch/public.spec.ts > fetchPublic > PUBLIC_API_BASE_URL を使った外向き fetch
{ transport: 'http-fallback', path: '/v1/foo', status: 200 }

stdout | apps/web/src/lib/fetch/public.spec.ts > fetchPublic > getCloudflareContext throw 時 process.env を fallback として使う
{ transport: 'http-fallback', path: '/v1/bar', status: 200 }

stdout | apps/web/src/lib/fetch/public.spec.ts > fetchPublic > process.env.PUBLIC_API_BASE_URL があれば Cloudflare env より優先する
{ transport: 'http-fallback', path: '/v1/baz', status: 200 }

stdout | apps/web/src/lib/fetch/public.spec.ts > fetchPublic > PUBLIC_API_BASE_URL 未指定なら DEFAULT_BASE_URL
{ transport: 'http-fallback', path: '/x', status: 200 }

stdout | apps/web/src/lib/fetch/public.spec.ts > fetchPublic > revalidate と headers を上書きできる
{ transport: 'service-binding', path: '/x', status: 200 }

stdout | apps/web/src/lib/fetch/public.spec.ts > fetchPublic > 非 2xx でエラー throw
{ transport: 'http-fallback', path: '/oops', status: 500 }

stdout | apps/web/src/lib/fetch/public.spec.ts > fetchPublicOrNotFound > 200 で JSON を返す
{ transport: 'http-fallback', path: '/v1/x', status: 200 }

stdout | apps/web/src/lib/fetch/public.spec.ts > fetchPublicOrNotFound > 404 で FetchPublicNotFoundError
{ transport: 'http-fallback', path: '/v1/missing', status: 404 }

stdout | apps/web/src/lib/fetch/public.spec.ts > fetchPublicOrNotFound > 5xx で 通常 Error
{ transport: 'http-fallback', path: '/v1/x', status: 503 }

stdout | apps/web/src/lib/fetch/public.spec.ts > fetchPublicOrNotFound > revalidate オプションを伝搬する
{ transport: 'service-binding', path: '/v1/x', status: 200 }

stdout | apps/web/src/lib/fetch/public.spec.ts > getServiceBinding env guard regression (AC-R-01..R-05) > [AC-R-02] production context: PUBLIC_API_BASE_URL 明示でも service binding が呼ばれる
{ transport: 'service-binding', path: '/health', status: 200 }

stdout | apps/web/src/lib/fetch/public.spec.ts > getServiceBinding env guard regression (AC-R-01..R-05) > [AC-R-03] CI without Playwright flag: PUBLIC_API_BASE_URL 明示でも service binding が呼ばれる
{ transport: 'service-binding', path: '/health', status: 200 }

stdout | apps/web/src/lib/fetch/public.spec.ts > getServiceBinding env guard regression (AC-R-01..R-05) > [AC-R-01] NODE_ENV=test: PUBLIC_API_BASE_URL 明示で global.fetch が呼ばれる
{ transport: 'http-fallback', path: '/health', status: 200 }

stdout | apps/web/src/lib/fetch/public.spec.ts > getServiceBinding env guard regression (AC-R-01..R-05) > [edge-1] staging: PUBLIC_API_BASE_URL 未設定なら service binding が呼ばれる
{ transport: 'service-binding', path: '/health', status: 200 }

stdout | apps/web/src/lib/fetch/public.spec.ts > getServiceBinding env guard regression (AC-R-01..R-05) > [edge-2] local dev: service binding 不在で global.fetch が呼ばれる
{ transport: 'http-fallback', path: '/health', status: 200 }

stdout | apps/web/src/lib/fetch/public.spec.ts > getServiceBinding env guard regression (AC-R-01..R-05) > [edge-3] PLAYWRIGHT_TEST=1: PUBLIC_API_BASE_URL 明示で global.fetch が呼ばれる
{ transport: 'http-fallback', path: '/health', status: 200 }

 ✓ apps/web/src/lib/fetch/public.spec.ts (18 tests) 12ms
 ✓ apps/web/src/features/admin/hooks/__tests__/useAdminMutation.spec.ts (12 tests) 158ms
 ✓ apps/web/src/components/admin/__tests__/IdentityConflictRow.spec.tsx (9 tests) 1981ms
   ✓ IdentityConflictRow > idle 段階で merge / dismiss ボタンと conflict メタを表示する 647ms
   ✓ IdentityConflictRow > merge 実行で trigger に { targetMemberId, reason } を送る (happy) 335ms
 ✓ apps/web/src/components/admin/__tests__/AuditLogPanel.component.spec.tsx (39 tests) 1501ms
   ✓ AuditLogPanel > renders collapsed summaries and no edit/delete/rerun actions 589ms
   ✓ AuditLogPanel — render 分岐 > maskedBefore/maskedAfter 両方 null → before/after の summary が なし 311ms
 ✓ apps/web/src/lib/auth.spec.ts (40 tests) 971ms
   ✓ buildAuthConfig > getAuth > dynamic import で AuthRuntime を返し、二回目は cache される 699ms
 ✓ apps/web/src/components/admin/__tests__/SchemaDiffPanel.component.spec.tsx (12 tests) 2444ms
   ✓ SchemaDiffPanel > happy: 4 ペインに分類して見出しと total を表示する 502ms
   ✓ SchemaDiffPanel > mutation 成功: 割当→postSchemaAlias 呼出、toast/refresh、form クローズ 362ms
   ✓ SchemaDiffPanel > mutation 失敗 (authz-fail): 403 forbidden で role=alert、form は閉じない 479ms
 ✓ apps/web/src/components/admin/__tests__/MeetingPanel.component.spec.tsx (17 tests) 2602ms
   ✓ MeetingPanel.filterCandidates > 既存 attendance を初期状態から disabled にする 491ms
   ✓ MeetingPanel — empty / mutation / authz > createMeeting authz-fail (403): toast にエラー表示 520ms
   ✓ MeetingPanel — empty / mutation / authz > removeAttendance 成功: 出席者リストから削除 363ms
 ✓ apps/web/src/components/admin/__tests__/TagsQueueResolveDrawer.spec.tsx (18 tests) 2013ms
   ✓ TagsQueueResolveDrawer > TC-D-01: open=true で role=dialog + aria-modal=true 419ms
   ✓ TagsQueueResolveDrawer > TC-D-07: rejected: reason が空だと inline error + trigger 未呼出 316ms
 ✓ apps/web/src/components/ui/__tests__/primitives.component.spec.tsx (26 tests) 541ms
 ✓ apps/web/app/profile/_components/RequestActionPanel.component.spec.tsx (11 tests) 60ms
 ✓ apps/web/src/components/ui/__tests__/parallel09-primitives.component.spec.tsx (26 tests) 1206ms
   ✓ FormField (G9-1) > error 時に aria-invalid と aria-describedby を入力に注入する 485ms
 ✓ apps/web/src/lib/fetch/authed.spec.ts (13 tests) 130ms
 ✓ apps/web/app/profile/_components/VisibilityRequestDialog.component.spec.tsx (8 tests) 486ms
 ✓ apps/web/src/lib/api/me-requests.spec.ts (15 tests) 7ms
 ✓ apps/web/src/components/admin/__tests__/TagQueuePanel.component.spec.tsx (9 tests) 651ms
   ✓ TagQueuePanel > items 複数 + 先頭が初期選択 → review pane に詳細表示 328ms
 ✓ apps/web/src/__tests__/static-invariants.runtime.spec.ts (5 tests) 1345ms
   ✓ static invariants / 06b > S-03: apps/web 全体に '/no-access' リテラルが現れない 890ms
 ✓ apps/web/app/__tests__/error.component.spec.tsx (10 tests) 233ms
 ✓ apps/web/src/__tests__/tokens.runtime.spec.ts (9 tests) 32ms
stdout | apps/web/src/lib/api/__tests__/public.spec.ts > public api wrapper > getStats: schema strict parse を経由する
{ transport: 'http-fallback', path: '/public/stats', status: 200 }

stdout | apps/web/src/lib/api/__tests__/public.spec.ts > public api wrapper > getStats: 不正な schema は throw する
{ transport: 'http-fallback', path: '/public/stats', status: 200 }

stdout | apps/web/src/lib/api/__tests__/public.spec.ts > public api wrapper > listMembers: 既定値を query に乗せず公開 endpoint を叩く
{ transport: 'http-fallback', path: '/public/members', status: 200 }

stdout | apps/web/src/lib/api/__tests__/public.spec.ts > public api wrapper > listMembers: q / density / tag を query に展開する
{ transport: 'http-fallback', path: '/public/members', status: 200 }

stdout | apps/web/src/lib/api/__tests__/public.spec.ts > public api wrapper > getMemberProfile: 404 を FetchPublicNotFoundError に変換する
{
  transport: 'http-fallback',
  path: '/public/members/missing',
  status: 404
}

stdout | apps/web/src/lib/api/__tests__/public.spec.ts > public api wrapper > getFormPreview: strict parse OK
{
  transport: 'http-fallback',
  path: '/public/form-preview',
  status: 200
}

 ✓ apps/web/src/lib/api/__tests__/public.spec.ts (6 tests) 151ms
 ✓ apps/web/app/api/auth/callback/email/route.route.spec.ts (11 tests) 27ms
 ✓ apps/web/app/profile/_components/DeleteRequestDialog.component.spec.tsx (6 tests) 1111ms
   ✓ DeleteRequestDialog > TC-U-10: 不可逆性文言が出ている / submit が aria-describedby で説明される 434ms
   ✓ DeleteRequestDialog > チェック後に submit 有効化 → 202 で onSubmitted 311ms
 ✓ apps/web/src/lib/auth/verify-magic-link.spec.ts (15 tests) 6ms
 ✓ apps/web/src/components/admin/__tests__/primitive-adoption.spec.ts (23 tests) 13ms
 ✓ apps/web/src/components/admin/__tests__/RequestQueuePanel.component.spec.tsx (6 tests) 252ms
 ✓ apps/web/src/components/public/__tests__/MemberDetailSections.component.spec.tsx (5 tests) 44ms
 ✓ apps/web/src/lib/auth/magic-link-client.spec.ts (11 tests) 9ms
 ✓ apps/web/src/lib/__tests__/logger.spec.ts (8 tests) 39ms
 ✓ apps/web/app/api/me/[...path]/route.route.spec.ts (3 tests) 9ms
 ✓ apps/web/src/features/admin/components/__tests__/MembersTable.spec.tsx (6 tests) 871ms
   ✓ MembersTable > TC-MT-04: 氏名 button click 323ms
   ✓ MembersTable > a11y violations 0 492ms
 ✓ apps/web/src/lib/url/__tests__/members-search.spec.ts (11 tests) 6ms
 ✓ apps/web/src/lib/api/__tests__/me-requests-client.spec.ts (7 tests) 10ms
 ✓ apps/web/src/lib/__tests__/env.spec.ts (10 tests) 7ms
 ✓ apps/web/app/login/_components/MagicLinkForm.component.spec.tsx (2 tests) 1006ms
   ✓ MagicLinkForm cooldown / U-03 > submit 後 60s cooldown でカウントダウンし 0 で再有効化 947ms
 ✓ apps/web/src/components/public/__tests__/CallToActionCTA.component.spec.tsx (9 tests) 1040ms
   ✓ CallToActionCTA > renders heading / body / cta with default props (AC-1, AC-5) 645ms
 ✓ apps/web/app/login/_components/__tests__/LoginPanel.component.spec.tsx (7 tests) 952ms
   ✓ LoginPanel / 6 状態 > input: form / Google ボタン / register リンクが出る 876ms
 ✓ apps/web/app/api/me/delete-request/route.route.spec.ts (5 tests) 9ms
 ✓ apps/web/src/components/public/__tests__/FormPreviewSections.component.spec.tsx (3 tests) 349ms
   ✓ FormPreviewSections > groups fields by sectionKey and shows visibility label / required badge (happy) 345ms
 ✓ apps/web/app/api/me/visibility-request/route.route.spec.ts (4 tests) 11ms
 ✓ apps/web/app/profile/_components/__tests__/VisibilityRequest.component.spec.tsx (4 tests) 327ms
 ✓ apps/web/src/components/ui/__tests__/task10-contract.component.spec.tsx (3 tests) 279ms
 ✓ apps/web/src/lib/__tests__/useAdminMutation.spec.tsx (4 tests) 71ms
 ✓ apps/web/src/lib/url/login-query.spec.ts (16 tests) 4ms
 ✓ apps/web/src/features/admin/components/__tests__/BulkActionBar.spec.tsx (5 tests) 478ms
 ✓ apps/web/src/lib/__tests__/boundary.spec.ts (3 tests) 240ms
 ✓ apps/web/app/(admin)/layout.spec.tsx (4 tests) 222ms
 ✓ apps/web/src/components/public/__tests__/MemberCard.component.spec.tsx (3 tests) 437ms
   ✓ MemberCard > renders all member fields and link to detail page (happy) 407ms
 ✓ apps/web/app/profile/_components/__tests__/DeleteRequest.component.spec.tsx (3 tests) 533ms
   ✓ DeleteRequest > 退会申請を成功させ accepted 表示 418ms
 ✓ apps/web/src/features/admin/components/__tests__/MembersFilters.spec.tsx (6 tests) 455ms
 ✓ apps/web/src/lib/session.spec.ts (7 tests) 3ms
 ✓ apps/web/src/components/layout/__tests__/AdminSidebar.component.spec.tsx (4 tests) 687ms
   ✓ AdminSidebar > 10 件のリンクをラベルと href の組で全件レンダーする 389ms
 ✓ apps/web/src/components/public/__tests__/MemberTable.spec.tsx (3 tests) 851ms
   ✓ MemberTable > ヘッダ行 5 列と各 item の行をレンダーする 687ms
 ✓ apps/web/app/profile/_components/PublicVisibilityBanner.component.spec.tsx (6 tests) 203ms
 ✓ apps/web/src/components/public/__tests__/MemberFilters.client.spec.tsx (3 tests) 732ms
   ✓ MemberFilters > Search / 2 つの Select / Segmented / DensityToggle をレンダーする 369ms
 ✓ apps/web/src/features/admin/components/__tests__/KpiGrid.spec.tsx (5 tests) 600ms
   ✓ KpiGrid > a11y violations 0 470ms
 ✓ apps/web/src/components/public/__tests__/MemberLinks.component.spec.tsx (3 tests) 95ms
 ✓ apps/web/src/features/admin/components/__tests__/MemberDrawer.spec.tsx (1 test) 881ms
   ✓ MemberDrawer > 会員ごとのタグ管理リンクを percent-encoded href で表示する 740ms
 ✓ apps/web/src/components/feedback/__tests__/EmptyState.component.spec.tsx (3 tests) 583ms
   ✓ EmptyState > renders title, description and reset link with default label (happy) 426ms
 ✓ apps/web/src/components/public/__tests__/Stats.component.spec.tsx (3 tests) 355ms
 ✓ apps/web/src/components/public/__tests__/ProfileHero.component.spec.tsx (3 tests) 811ms
   ✓ ProfileHero > renders all fields and badges when zone and membershipType present (happy) 730ms
 ✓ apps/web/src/components/public/__tests__/DensityToggle.client.spec.tsx (3 tests) 929ms
   ✓ DensityToggle > 3 種の radio を radiogroup として描画し value で選択状態を反映する 831ms
stdout | apps/web/scripts/__tests__/lhci-auth-storage.spec.ts > lhci-auth-storage > writes a storage state with authjs.session-token cookie
[lhci-auth-storage] wrote /var/folders/35/t3gvbkdd2w55yk8csmzskzrw0000gn/T/lhci-auth-DeUKgn/storage.json

 ✓ apps/web/scripts/__tests__/lhci-auth-storage.spec.ts (2 tests) 16ms
 ✓ apps/web/src/components/ui/Toast.spec.tsx (3 tests) 265ms
 ✓ apps/web/src/components/public/__tests__/Hero.component.spec.tsx (3 tests) 100ms
 ✓ apps/web/src/test-utils/fetch-mock.spec.ts (5 tests) 6ms
 ✓ apps/web/app/login/_components/__tests__/LoginCard.component.spec.tsx (5 tests) 562ms
   ✓ LoginCard > title prop を h1 として描画する 316ms
 ✓ apps/web/src/lib/auth/oauth-client.spec.ts (5 tests) 4ms
 ↓ apps/web/src/__tests__/build-output.runtime.spec.ts (1 test | 1 skipped)
 ✓ apps/web/src/components/public/__tests__/Timeline.component.spec.tsx (3 tests) 218ms
 ✓ apps/web/src/__tests__/instrumentation-client.runtime.spec.ts (2 tests) 28ms
 ✓ apps/web/src/lib/admin/dashboard-ui.spec.ts (4 tests) 2ms
 ✓ apps/web/app/(public)/layout.spec.tsx (3 tests) 1086ms
   ✓ PublicLayout > axe critical 違反 0 1039ms
 ✓ apps/web/app/(member)/layout.spec.tsx (3 tests) 1112ms
   ✓ MemberLayout > axe critical 違反 0 871ms
 ✓ apps/web/src/lib/url/login-redirect.spec.ts (8 tests) 4ms
 ✓ apps/web/src/components/auth/__tests__/SignOutButton.component.spec.tsx (3 tests) 675ms
   ✓ SignOutButton > calls Auth.js signOut with the default login redirect 491ms
 ✓ apps/web/src/components/public/__tests__/MemberGrid.spec.tsx (3 tests) 317ms
   ✓ MemberGrid > items 件数分の li を density 属性付きでレンダーする (comfy) 313ms
 ✓ apps/web/app/profile/_components/RequestErrorMessage.component.spec.tsx (9 tests) 564ms
   ✓ RequestErrorMessage > renders alert with non-empty text for DUPLICATE_PENDING_REQUEST 482ms
 ✓ apps/web/app/__smoke__/_lib/fixture-guard.spec.ts (4 tests) 3ms
 ✓ apps/web/src/components/public/__tests__/MemberActivity.component.spec.tsx (2 tests) 150ms
 ✓ apps/web/src/components/public/__tests__/ZoneIntro.spec.tsx (2 tests) 1098ms
   ✓ ZoneIntro > セクション見出しと 3 ゾーンカードをレンダーする 1002ms
 ✓ apps/web/src/features/admin/components/__tests__/RecentActionsTable.spec.tsx (4 tests) 1321ms
   ✓ RecentActionsTable > TC-RAT-01: items=[] で empty メッセージ 521ms
   ✓ RecentActionsTable > TC-RAT-03: 監査ログリンク 592ms
 ✓ apps/web/src/components/public/__tests__/RegisterCallout.component.spec.tsx (3 tests) 451ms
 ✓ apps/web/src/components/public/__tests__/PublicHeader.spec.tsx (2 tests) 894ms
   ✓ PublicHeader > brand / nav / login CTA をレンダーする 425ms
   ✓ PublicHeader > 3 件のナビ項目をラベルと href の組で全件レンダーする 468ms
 ✓ apps/web/src/components/admin/__tests__/_tagQueueStatus.spec.ts (3 tests) 5ms
 ✓ apps/web/app/profile/_components/RequestPendingBanner.component.spec.tsx (3 tests) 350ms
 ✓ apps/web/src/components/public/__tests__/PublicFooter.spec.tsx (2 tests) 544ms
   ✓ PublicFooter > プライバシー / 利用規約リンクと copyright をレンダーする 541ms
 ✓ apps/web/src/lib/__tests__/sentry-capture.spec.ts (5 tests) 143ms
 ✓ apps/web/src/lib/url/login-state.spec.ts (2 tests) 86ms
 ✓ apps/web/src/components/legal/__tests__/LegalProse.component.spec.tsx (2 tests) 99ms
 ✓ apps/web/src/lib/__tests__/is-browser.spec.ts (3 tests) 2ms
 ✓ apps/web/src/lib/tones.spec.ts (7 tests) 2ms
 ✓ apps/web/app/(admin)/admin/audit/page.page.spec.ts (2 tests) 14ms
 ✓ apps/web/src/components/public/__tests__/MemberTags.component.spec.tsx (2 tests) 25ms
 ✓ apps/web/src/lib/constants/__tests__/form.spec.ts (1 test) 3ms
 ✓ apps/web/src/lib/__tests__/logger.runtime.spec.ts (2 tests) 2ms
 ✓ apps/web/src/lib/__tests__/is-browser.node.spec.ts (2 tests) 3ms
 ✓ apps/web/src/__tests__/instrumentation.runtime.spec.ts (2 tests) 455ms
 ✓ apps/web/src/components/layout/__tests__/MemberHeader.spec.tsx (1 test) 277ms

 Test Files  97 passed | 1 skipped (98)
      Tests  686 passed | 1 skipped (687)
   Start at  11:17:16
   Duration  41.13s (transform 7.28s, setup 0ms, collect 56.46s, tests 42.97s, environment 172.67s, prepare 20.50s)

