mise WARN  Config files in ~/dev/dev/個人開発/UBM-Hyogo/.worktrees/task-20260519-074613-wt-20/.mise.toml are not trusted.
Trust them with `mise trust`. See https://mise.jdx.dev/cli/trust.html for more information.

> @ubm-hyogo/web@0.1.0 test /Users/dm/dev/dev/個人開発/UBM-Hyogo/.worktrees/task-20260519-074613-wt-20/apps/web
> vitest run --passWithNoTests --root=../.. --config=vitest.config.ts apps/web -- 'app/(public)/layout.spec.tsx' 'app/(admin)/layout.spec.tsx' 'app/(member)/layout.spec.tsx'

[33mThe CJS build of Vite's Node API is deprecated. See https://vite.dev/guide/troubleshooting.html#vite-cjs-node-api-deprecated for more details.[39m

 RUN  v2.1.9 /Users/dm/dev/dev/個人開発/UBM-Hyogo/.worktrees/task-20260519-074613-wt-20

stdout | apps/web/src/lib/fetch/public.spec.ts > fetchPublic > service-binding 経路: env.API_SERVICE.fetch を使う
{ transport: 'service-binding', path: '/health', status: 200 }

stdout | apps/web/src/lib/fetch/public.spec.ts > fetchPublic > PUBLIC_API_BASE_URL を使った外向き fetch
{ transport: 'http-fallback', path: '/v1/foo', status: 200 }

stdout | apps/web/src/lib/fetch/public.spec.ts > fetchPublic > getCloudflareContext throw 時 process.env を fallback として使う
{ transport: 'http-fallback', path: '/v1/bar', status: 200 }

stdout | apps/web/src/lib/fetch/public.spec.ts > fetchPublic > process.env.PUBLIC_API_BASE_URL があれば Cloudflare env より優先する
{ transport: 'http-fallback', path: '/v1/baz', status: 200 }

stdout | apps/web/src/lib/fetch/public.spec.ts > fetchPublic > PUBLIC_API_BASE_URL 未指定なら DEFAULT_BASE_URL
{ transport: 'http-fallback', path: '/x', status: 200 }

stdout | apps/web/src/lib/fetch/public.spec.ts > fetchPublic > revalidate と headers を上書きできる
{ transport: 'service-binding', path: '/x', status: 200 }

stdout | apps/web/src/lib/fetch/public.spec.ts > fetchPublic > 非 2xx でエラー throw
{ transport: 'http-fallback', path: '/oops', status: 500 }

stdout | apps/web/src/lib/fetch/public.spec.ts > fetchPublicOrNotFound > 200 で JSON を返す
{ transport: 'http-fallback', path: '/v1/x', status: 200 }

stdout | apps/web/src/lib/fetch/public.spec.ts > fetchPublicOrNotFound > 404 で FetchPublicNotFoundError
{ transport: 'http-fallback', path: '/v1/missing', status: 404 }

stdout | apps/web/src/lib/fetch/public.spec.ts > fetchPublicOrNotFound > 5xx で 通常 Error
{ transport: 'http-fallback', path: '/v1/x', status: 503 }

stdout | apps/web/src/lib/fetch/public.spec.ts > fetchPublicOrNotFound > revalidate オプションを伝搬する
{ transport: 'service-binding', path: '/v1/x', status: 200 }

stdout | apps/web/src/lib/fetch/public.spec.ts > getServiceBinding env guard regression (AC-R-01..R-05) > [AC-R-02] production context: PUBLIC_API_BASE_URL 明示でも service binding が呼ばれる
{ transport: 'service-binding', path: '/health', status: 200 }

stdout | apps/web/src/lib/fetch/public.spec.ts > getServiceBinding env guard regression (AC-R-01..R-05) > [AC-R-03] CI without Playwright flag: PUBLIC_API_BASE_URL 明示でも service binding が呼ばれる
{ transport: 'service-binding', path: '/health', status: 200 }

stdout | apps/web/src/lib/fetch/public.spec.ts > getServiceBinding env guard regression (AC-R-01..R-05) > [AC-R-01] NODE_ENV=test: PUBLIC_API_BASE_URL 明示で global.fetch が呼ばれる
{ transport: 'http-fallback', path: '/health', status: 200 }

stdout | apps/web/src/lib/fetch/public.spec.ts > getServiceBinding env guard regression (AC-R-01..R-05) > [edge-1] staging: PUBLIC_API_BASE_URL 未設定なら service binding が呼ばれる
{ transport: 'service-binding', path: '/health', status: 200 }

stdout | apps/web/src/lib/fetch/public.spec.ts > getServiceBinding env guard regression (AC-R-01..R-05) > [edge-2] local dev: service binding 不在で global.fetch が呼ばれる
{ transport: 'http-fallback', path: '/health', status: 200 }

stdout | apps/web/src/lib/fetch/public.spec.ts > getServiceBinding env guard regression (AC-R-01..R-05) > [edge-3] PLAYWRIGHT_TEST=1: PUBLIC_API_BASE_URL 明示で global.fetch が呼ばれる
{ transport: 'http-fallback', path: '/health', status: 200 }

 ✓ apps/web/src/lib/admin/__tests__/api.spec.ts (19 tests) 17ms
 ✓ apps/web/src/lib/fetch/public.spec.ts (18 tests) 15ms
 ✓ apps/web/src/features/admin/hooks/__tests__/useAdminMutation.spec.ts (12 tests) 67ms
 ✓ apps/web/src/components/admin/__tests__/IdentityConflictRow.spec.tsx (9 tests) 1117ms
   ✓ IdentityConflictRow > dismiss 失敗 (409) で alert が出て modal は残る 309ms
   ✓ IdentityConflictRow > merge-confirm キャンセルで idle に戻り、reason はリセットされる 408ms
 ✓ apps/web/src/components/admin/__tests__/AuditLogPanel.component.spec.tsx (39 tests) 1189ms
   ✓ AuditLogPanel — render 分岐 > nextCursor=null では「次のページ」リンクを描画しない 452ms
   ✓ AuditLogPanel — render 分岐 > values の各フィールドが defaultValue として反映される 305ms
 ✓ apps/web/src/lib/auth.spec.ts (40 tests) 717ms
   ✓ buildAuthConfig > getAuth > dynamic import で AuthRuntime を返し、二回目は cache される 432ms
 ✓ apps/web/src/components/admin/__tests__/SchemaDiffPanel.component.spec.tsx (12 tests) 1793ms
   ✓ SchemaDiffPanel > mutation 失敗 (authz-fail): 403 forbidden で role=alert、form は閉じない 522ms
 ✓ apps/web/src/components/admin/__tests__/MeetingPanel.component.spec.tsx (17 tests) 1816ms
   ✓ MeetingPanel — empty / mutation / authz > createMeeting 成功: 引数が正しく入力をクリアして toast 表示 349ms
 ✓ apps/web/src/components/admin/__tests__/TagsQueueResolveDrawer.spec.tsx (18 tests) 1068ms
   ✓ TagsQueueResolveDrawer > TC-D-01: open=true で role=dialog + aria-modal=true 573ms
 ✓ apps/web/app/profile/_components/RequestActionPanel.component.spec.tsx (11 tests) 563ms
   ✓ RequestActionPanel > TC-U-01: publishState=public → 公開停止ボタン表示 / 再公開非表示 325ms
 ✓ apps/web/src/components/ui/__tests__/primitives.component.spec.tsx (26 tests) 839ms
 ✓ apps/web/src/components/ui/__tests__/parallel09-primitives.component.spec.tsx (26 tests) 1607ms
   ✓ FormField (G9-1) > error 時に aria-invalid と aria-describedby を入力に注入する 358ms
   ✓ a11y(EmptyState) > has no axe violations 388ms
 ✓ apps/web/src/lib/fetch/authed.spec.ts (13 tests) 8ms
 ✓ apps/web/src/__tests__/static-invariants.runtime.spec.ts (5 tests) 1431ms
   ✓ static invariants / 06b > S-01: app/profile 配下に 'questionId' が出現しない 351ms
   ✓ static invariants / 06b > S-03: apps/web 全体に '/no-access' リテラルが現れない 852ms
 ✓ apps/web/src/lib/api/me-requests.spec.ts (15 tests) 8ms
 ✓ apps/web/src/components/admin/__tests__/TagQueuePanel.component.spec.tsx (9 tests) 2092ms
   ✓ TagQueuePanel > items 複数 + 先頭が初期選択 → review pane に詳細表示 1255ms
 ✓ apps/web/app/profile/_components/VisibilityRequestDialog.component.spec.tsx (8 tests) 1172ms
   ✓ VisibilityRequestDialog > TC-U-05: open=false で dom 出ない / open=true で role=dialog 出現 470ms
 ✓ apps/web/app/__tests__/error.component.spec.tsx (10 tests) 1104ms
   ✓ RouteError > TC-U-01: dev mode で stack を表示する > renders <pre> with stack content 405ms
   ✓ RouteError > TC-U-05: reset ボタンクリックで reset prop が呼ばれる > invokes reset once on click 620ms
 ✓ apps/web/src/__tests__/tokens.runtime.spec.ts (9 tests) 112ms
 ✓ apps/web/app/profile/_components/DeleteRequestDialog.component.spec.tsx (6 tests) 994ms
   ✓ DeleteRequestDialog > TC-U-10: 不可逆性文言が出ている / submit が aria-describedby で説明される 589ms
stdout | apps/web/src/lib/api/__tests__/public.spec.ts > public api wrapper > getStats: schema strict parse を経由する
{ transport: 'http-fallback', path: '/public/stats', status: 200 }

stdout | apps/web/src/lib/api/__tests__/public.spec.ts > public api wrapper > getStats: 不正な schema は throw する
{ transport: 'http-fallback', path: '/public/stats', status: 200 }

stdout | apps/web/src/lib/api/__tests__/public.spec.ts > public api wrapper > listMembers: 既定値を query に乗せず公開 endpoint を叩く
{ transport: 'http-fallback', path: '/public/members', status: 200 }

stdout | apps/web/src/lib/api/__tests__/public.spec.ts > public api wrapper > listMembers: q / density / tag を query に展開する
{ transport: 'http-fallback', path: '/public/members', status: 200 }

stdout | apps/web/src/lib/api/__tests__/public.spec.ts > public api wrapper > getMemberProfile: 404 を FetchPublicNotFoundError に変換する
{
  transport: 'http-fallback',
  path: '/public/members/missing',
  status: 404
}

stdout | apps/web/src/lib/api/__tests__/public.spec.ts > public api wrapper > getFormPreview: strict parse OK
{
  transport: 'http-fallback',
  path: '/public/form-preview',
  status: 200
}

 ✓ apps/web/src/lib/api/__tests__/public.spec.ts (6 tests) 12ms
 ✓ apps/web/src/lib/auth/verify-magic-link.spec.ts (15 tests) 37ms
 ✓ apps/web/app/api/auth/callback/email/route.route.spec.ts (11 tests) 109ms
 ✓ apps/web/src/components/admin/__tests__/primitive-adoption.spec.ts (23 tests) 5ms
 ✓ apps/web/src/components/public/__tests__/MemberDetailSections.component.spec.tsx (5 tests) 214ms
 ✓ apps/web/src/components/admin/__tests__/RequestQueuePanel.component.spec.tsx (6 tests) 1501ms
   ✓ RequestQueuePanel > TC-22: 承認ボタンで confirmation modal が開く 531ms
   ✓ RequestQueuePanel > TC-25: 409 エラー時は他 admin 処理済メッセージを表示 321ms
 ✓ apps/web/src/lib/__tests__/logger.spec.ts (8 tests) 12ms
 ✓ apps/web/src/lib/url/__tests__/members-search.spec.ts (11 tests) 66ms
 ✓ apps/web/src/lib/auth/magic-link-client.spec.ts (11 tests) 20ms
 ✓ apps/web/app/api/me/[...path]/route.route.spec.ts (3 tests) 10ms
 ✓ apps/web/src/features/admin/components/__tests__/MembersTable.spec.tsx (6 tests) 2536ms
   ✓ MembersTable > TC-MT-01: items=[] で empty 表示 415ms
   ✓ MembersTable > TC-MT-04: 氏名 button click 712ms
   ✓ MembersTable > a11y violations 0 1009ms
 ✓ apps/web/app/login/_components/MagicLinkForm.component.spec.tsx (2 tests) 1243ms
   ✓ MagicLinkForm cooldown / U-03 > submit 後 60s cooldown でカウントダウンし 0 で再有効化 1235ms
 ✓ apps/web/src/components/public/__tests__/CallToActionCTA.component.spec.tsx (9 tests) 1067ms
   ✓ CallToActionCTA > renders heading / body / cta with default props (AC-1, AC-5) 688ms
 ✓ apps/web/src/lib/api/__tests__/me-requests-client.spec.ts (7 tests) 10ms
 ✓ apps/web/src/lib/__tests__/env.spec.ts (10 tests) 205ms
 ✓ apps/web/app/api/me/delete-request/route.route.spec.ts (5 tests) 10ms
 ✓ apps/web/src/components/public/__tests__/FormPreviewSections.component.spec.tsx (3 tests) 453ms
   ✓ FormPreviewSections > groups fields by sectionKey and shows visibility label / required badge (happy) 421ms
 ✓ apps/web/app/login/_components/__tests__/LoginPanel.component.spec.tsx (7 tests) 1367ms
   ✓ LoginPanel / 6 状態 > input: form / Google ボタン / register リンクが出る 1094ms
 ✓ apps/web/app/profile/_components/__tests__/VisibilityRequest.component.spec.tsx (4 tests) 616ms
   ✓ VisibilityRequest > public → 公開停止申請を成功させる 387ms
 ✓ apps/web/app/api/me/visibility-request/route.route.spec.ts (4 tests) 11ms
 ✓ apps/web/src/lib/__tests__/useAdminMutation.spec.tsx (4 tests) 381ms
 ✓ apps/web/src/components/ui/__tests__/task10-contract.component.spec.tsx (3 tests) 1052ms
   ✓ task-10 ui primitive contract > keeps className merge and accessibility surfaces available 1037ms
 ✓ apps/web/src/lib/url/login-query.spec.ts (16 tests) 5ms
 ✓ apps/web/src/features/admin/components/__tests__/BulkActionBar.spec.tsx (5 tests) 1638ms
   ✓ BulkActionBar > TC-BAB-02: publish click でシリアル呼出 761ms
   ✓ BulkActionBar > TC-BAB-04: soft-delete click 305ms
   ✓ BulkActionBar > a11y violations 0 325ms
 ✓ apps/web/src/lib/__tests__/boundary.spec.ts (3 tests) 814ms
   ✓ AC-3 / AC-4: data access boundary > apps/web から apps/api を import すると boundary lint が error 315ms
 ✓ apps/web/src/components/public/__tests__/MemberCard.component.spec.tsx (3 tests) 752ms
   ✓ MemberCard > renders all member fields and link to detail page (happy) 728ms
 ✓ apps/web/app/(admin)/layout.spec.tsx (4 tests) 1875ms
   ✓ AdminLayout > admin session render で axe critical 違反 0 1818ms
 ✓ apps/web/app/profile/_components/__tests__/DeleteRequest.component.spec.tsx (3 tests) 1178ms
   ✓ DeleteRequest > 退会申請を成功させ accepted 表示 1082ms
 ✓ apps/web/src/features/admin/components/__tests__/MembersFilters.spec.tsx (6 tests) 1384ms
   ✓ MembersFilters > TC-MF-01: zone select 変更で onChange 発火 458ms
   ✓ MembersFilters > a11y violations 0 309ms
 ✓ apps/web/src/lib/session.spec.ts (7 tests) 3ms
 ✓ apps/web/src/components/public/__tests__/MemberTable.spec.tsx (3 tests) 1262ms
   ✓ MemberTable > ヘッダ行 5 列と各 item の行をレンダーする 1190ms
 ✓ apps/web/src/components/public/__tests__/MemberFilters.client.spec.tsx (3 tests) 1569ms
   ✓ MemberFilters > Search / 2 つの Select / Segmented / DensityToggle をレンダーする 988ms
   ✓ MemberFilters > tag が指定済みの場合 active-tags リストを描画し × ボタンで削除できる 554ms
 ✓ apps/web/src/components/layout/__tests__/AdminSidebar.component.spec.tsx (4 tests) 1351ms
   ✓ AdminSidebar > 管理メニュー nav が aria-label 付きで存在する (accessibility) 648ms
   ✓ AdminSidebar > 10 件のリンクをラベルと href の組で全件レンダーする 534ms
 ✓ apps/web/app/profile/_components/PublicVisibilityBanner.component.spec.tsx (6 tests) 506ms
   ✓ PublicVisibilityBanner DOM > data-region と aria-label を持つ section を描画する 503ms
 ✓ apps/web/src/features/admin/components/__tests__/KpiGrid.spec.tsx (5 tests) 1445ms
   ✓ KpiGrid > a11y violations 0 1209ms
 ✓ apps/web/src/components/public/__tests__/MemberLinks.component.spec.tsx (3 tests) 458ms
 ✓ apps/web/src/features/admin/components/__tests__/MemberDrawer.spec.tsx (1 test) 1158ms
   ✓ MemberDrawer > 会員ごとのタグ管理リンクを percent-encoded href で表示する 1158ms
 ✓ apps/web/src/components/public/__tests__/Stats.component.spec.tsx (3 tests) 346ms
   ✓ Stats > renders 4 anchored stat tiles 316ms
stdout | apps/web/scripts/__tests__/lhci-auth-storage.spec.ts > lhci-auth-storage > writes a storage state with authjs.session-token cookie
[lhci-auth-storage] wrote /var/folders/35/t3gvbkdd2w55yk8csmzskzrw0000gn/T/lhci-auth-3H2vMD/storage.json

 ✓ apps/web/scripts/__tests__/lhci-auth-storage.spec.ts (2 tests) 75ms
 ✓ apps/web/src/components/public/__tests__/ProfileHero.component.spec.tsx (3 tests) 1464ms
   ✓ ProfileHero > renders all fields and badges when zone and membershipType present (happy) 1459ms
 ✓ apps/web/src/components/feedback/__tests__/EmptyState.component.spec.tsx (3 tests) 1625ms
   ✓ EmptyState > renders title, description and reset link with default label (happy) 857ms
   ✓ EmptyState > uses custom resetLabel and renders children slot (variant) 599ms
 ✓ apps/web/src/components/public/__tests__/DensityToggle.client.spec.tsx (3 tests) 1822ms
   ✓ DensityToggle > 3 種の radio を radiogroup として描画し value で選択状態を反映する 1441ms
 ✓ apps/web/src/test-utils/fetch-mock.spec.ts (5 tests) 11ms
 ✓ apps/web/src/components/public/__tests__/Hero.component.spec.tsx (3 tests) 1873ms
   ✓ Hero > renders title, subtitle and both CTAs (happy) 1562ms
 ✓ apps/web/src/components/ui/Toast.spec.tsx (3 tests) 1089ms
   ✓ Toast variants > default variant は role=status に出る 1077ms
 ✓ apps/web/src/lib/auth/oauth-client.spec.ts (5 tests) 13ms
 ✓ apps/web/app/login/_components/__tests__/LoginCard.component.spec.tsx (5 tests) 1552ms
   ✓ LoginCard > title prop を h1 として描画する 1060ms
   ✓ LoginCard > footerSlot が描画される 478ms
 ↓ apps/web/src/__tests__/build-output.runtime.spec.ts (1 test | 1 skipped)
 ✓ apps/web/src/components/public/__tests__/Timeline.component.spec.tsx (3 tests) 1388ms
   ✓ Timeline > renders entries in given order with time[dateTime] (happy) 1380ms
 ✓ apps/web/src/lib/admin/dashboard-ui.spec.ts (4 tests) 287ms
 ✓ apps/web/app/(public)/layout.spec.tsx (3 tests) 1423ms
   ✓ PublicLayout > axe critical 違反 0 1240ms
 ✓ apps/web/src/lib/url/login-redirect.spec.ts (8 tests) 2ms
 ✓ apps/web/src/__tests__/instrumentation-client.runtime.spec.ts (2 tests) 276ms
 ✓ apps/web/app/(member)/layout.spec.tsx (3 tests) 1708ms
   ✓ MemberLayout > wrapper に data-theme='warm' / data-route-group='member' / data-testid='member-shell' を付与する 752ms
   ✓ MemberLayout > axe critical 違反 0 950ms
 ✓ apps/web/src/components/auth/__tests__/SignOutButton.component.spec.tsx (3 tests) 1712ms
   ✓ SignOutButton > calls Auth.js signOut with the default login redirect 1171ms
   ✓ SignOutButton > uses custom label and redirectTo when provided 537ms
 ✓ apps/web/app/profile/_components/RequestErrorMessage.component.spec.tsx (9 tests) 1172ms
   ✓ RequestErrorMessage > renders alert with non-empty text for DUPLICATE_PENDING_REQUEST 555ms
   ✓ RequestErrorMessage > NETWORK: retry ボタンを表示し onRetry を呼ぶ 541ms
 ✓ apps/web/src/components/public/__tests__/MemberGrid.spec.tsx (3 tests) 1166ms
   ✓ MemberGrid > items 件数分の li を density 属性付きでレンダーする (comfy) 1163ms
 ✓ apps/web/src/features/admin/components/__tests__/RecentActionsTable.spec.tsx (4 tests) 1942ms
   ✓ RecentActionsTable > TC-RAT-01: items=[] で empty メッセージ 646ms
   ✓ RecentActionsTable > TC-RAT-03: 監査ログリンク 429ms
   ✓ RecentActionsTable > a11y violations 0 754ms
 ✓ apps/web/app/__smoke__/_lib/fixture-guard.spec.ts (4 tests) 10ms
 ✓ apps/web/src/components/public/__tests__/RegisterCallout.component.spec.tsx (3 tests) 610ms
   ✓ RegisterCallout > renders external CTA pointing to responderUrl (TC-U-09) 439ms
 ✓ apps/web/src/components/admin/__tests__/_tagQueueStatus.spec.ts (3 tests) 6ms
 ✓ apps/web/src/components/public/__tests__/PublicHeader.spec.tsx (2 tests) 1595ms
   ✓ PublicHeader > brand / nav / login CTA をレンダーする 460ms
   ✓ PublicHeader > 3 件のナビ項目をラベルと href の組で全件レンダーする 1133ms
 ✓ apps/web/src/components/public/__tests__/MemberActivity.component.spec.tsx (2 tests) 430ms
   ✓ MemberActivity > renders activity timeline with stable-key per item 421ms
 ✓ apps/web/src/components/public/__tests__/ZoneIntro.spec.tsx (2 tests) 1054ms
   ✓ ZoneIntro > セクション見出しと 3 ゾーンカードをレンダーする 967ms
 ✓ apps/web/src/components/public/__tests__/PublicFooter.spec.tsx (2 tests) 886ms
   ✓ PublicFooter > プライバシー / 利用規約リンクと copyright をレンダーする 883ms
 ✓ apps/web/app/profile/_components/RequestPendingBanner.component.spec.tsx (3 tests) 1632ms
   ✓ RequestPendingBanner > visibility_request 文言 + role=status + aria-live=polite 1521ms
 ✓ apps/web/src/components/public/__tests__/MemberTags.component.spec.tsx (2 tests) 967ms
   ✓ MemberTags > renders one badge per tag 954ms
 ✓ apps/web/src/lib/url/login-state.spec.ts (2 tests) 3ms
 ✓ apps/web/src/components/legal/__tests__/LegalProse.component.spec.tsx (2 tests) 272ms
 ✓ apps/web/src/lib/tones.spec.ts (7 tests) 2ms
 ✓ apps/web/src/lib/__tests__/is-browser.spec.ts (3 tests) 2ms
 ✓ apps/web/src/components/layout/__tests__/MemberHeader.spec.tsx (1 test) 575ms
   ✓ MemberHeader > マイページリンクとログアウトボタンをレンダーする 574ms
 ✓ apps/web/src/lib/__tests__/sentry-capture.spec.ts (5 tests) 604ms
 ✓ apps/web/src/lib/__tests__/logger.runtime.spec.ts (2 tests) 4ms
 ✓ apps/web/src/lib/__tests__/is-browser.node.spec.ts (2 tests) 6ms
 ✓ apps/web/src/__tests__/instrumentation.runtime.spec.ts (2 tests) 1424ms
   ✓ instrumentation register() guard > T-07: 2 回呼び出しても Sentry.init が 1 回しか呼ばれない 1419ms
 ✓ apps/web/app/(admin)/admin/audit/page.page.spec.ts (2 tests) 71ms
 ✓ apps/web/src/lib/constants/__tests__/form.spec.ts (1 test) 3ms

 Test Files  97 passed | 1 skipped (98)
      Tests  686 passed | 1 skipped (687)
   Start at  11:08:49
   Duration  90.35s (transform 9.52s, setup 0ms, collect 117.19s, tests 75.17s, environment 365.15s, prepare 44.23s)

