mise WARN  Config files in ~/dev/dev/еҖӢдәәй–Ӣзҷә/UBM-Hyogo/.worktrees/task-20260518-195609-wt-19/.mise.toml are not trusted.
Trust them with `mise trust`. See https://mise.jdx.dev/cli/trust.html for more information.
mise WARN  tracking config: failed to ln -sf /Users/dm/dev/dev/еҖӢдәәй–Ӣзҷә/UBM-Hyogo/.worktrees/task-20260518-195609-wt-19/.nvmrc /Users/dm/.local/state/mise/tracked-configs/360dad55457fd8ec: File exists (os error 17)

> ubm-hyogo@0.1.0 lint /Users/dm/dev/dev/еҖӢдәәй–Ӣзҷә/UBM-Hyogo/.worktrees/task-20260518-195609-wt-19
> node scripts/lint-boundaries.mjs && pnpm run lint:deps && node scripts/lint-stablekey-literal.mjs && node scripts/lint-stable-key-update.mjs --strict && pnpm -r lint


> ubm-hyogo@0.1.0 lint:deps /Users/dm/dev/dev/еҖӢдәәй–Ӣзҷә/UBM-Hyogo/.worktrees/task-20260518-195609-wt-19
> rg --files apps packages -g '*.ts' -g '*.tsx' | xargs pnpm dlx dependency-cruiser --config .dependency-cruiser.cjs


вң” no dependency violations found (1491 modules, 2152 dependencies cruised)

[stablekey-literal-lint] OK (mode=warning, scanned=415 files, stableKeys=31)
[stable-key-update-lint] OK (mode=error, scanned=513 files)
Scope: 6 of 7 workspace projects
packages/contracts lint$ tsc -p tsconfig.json --noEmit
packages/shared lint$ tsc -p tsconfig.json --noEmit
packages/contracts lint: Done
packages/shared lint: Done
packages/integrations lint$ tsc -p tsconfig.json --noEmit
apps/web lint$ tsc -p tsconfig.json --noEmit && eslint 'src/**/*.{ts,tsx}'
packages/integrations/google lint$ tsc -p tsconfig.json --noEmit
packages/integrations lint: Done
packages/integrations/google lint: Done
apps/web lint: Done
apps/api lint$ tsc -p tsconfig.json --noEmit
apps/api lint: Done
